2017-10-31 13:55:14,783 INFO  [Log] **************************************************************************************** 
2017-10-31 13:55:14,783 INFO  [Log] **************************************************************************************** 
2017-10-31 13:55:14,784 INFO  [Log] $$$$$$$$$$$$$$$$$$$$$                 TC_001       $$$$$$$$$$$$$$$$$$$$$$$$$ 
2017-10-31 13:55:14,784 INFO  [Log] **************************************************************************************** 
2017-10-31 13:55:14,784 INFO  [Log] **************************************************************************************** 
2017-10-31 13:55:15,054 INFO  [Log] Excel sheet opened 
2017-10-31 13:55:15,055 INFO  [Log] Total number of Row used return as < 3 >. 
2017-10-31 13:55:21,224 ERROR [Log] Class Utils | Method OpenBrowser | Exception desc : session not created exception: Chrome version must be >= 60.0.3112.0
  (Driver info: chromedriver=2.33.506120 (e3e53437346286c0bc2d2dc9aa4915ba81d9023f),platform=Windows NT 6.1.7601 SP1 x86_64) (WARNING: The server did not provide any stacktrace information)
Command duration or timeout: 4.67 seconds
Build info: version: '3.4.0', revision: 'unknown', time: 'unknown'
System info: host: '01HW607496', ip: '10.239.98.125', os.name: 'Windows 7', os.arch: 'amd64', os.version: '6.1', java.version: '1.8.0_131'
Driver info: driver.version: ChromeDriver 
2017-10-31 13:55:21,230 ERROR [Log] Class Utils | Method OpenBrowser | Exception desc : null 
2017-10-31 13:55:21,232 ERROR [Log] Log Out link is not found on the Home Page 
2017-10-31 13:55:21,348 ERROR [Log]  
2017-10-31 13:55:21,357 INFO  [Log] XXXXXXXXXXXXXXXXXXXXXXX             -E---N---D-             XXXXXXXXXXXXXXXXXXXXXX 
2017-10-31 13:55:21,357 INFO  [Log] X 
2017-10-31 13:55:21,357 INFO  [Log] X 
2017-10-31 13:55:21,357 INFO  [Log] X 
2017-10-31 13:55:21,357 INFO  [Log] X 
2017-10-31 13:55:21,357 ERROR [Log] Class Utils | Method OpenBrowser | Exception desc : null 
2017-10-31 13:55:21,375 INFO  [Log] **************************************************************************************** 
2017-10-31 13:55:21,375 INFO  [Log] **************************************************************************************** 
2017-10-31 13:55:21,375 INFO  [Log] $$$$$$$$$$$$$$$$$$$$$                 TC_002       $$$$$$$$$$$$$$$$$$$$$$$$$ 
2017-10-31 13:55:21,375 INFO  [Log] **************************************************************************************** 
2017-10-31 13:55:21,375 INFO  [Log] **************************************************************************************** 
2017-10-31 13:55:21,382 INFO  [Log] Excel sheet opened 
2017-10-31 13:55:21,382 INFO  [Log] Total number of Row used return as < 3 >. 
2017-10-31 13:55:23,302 ERROR [Log] Class Utils | Method OpenBrowser | Exception desc : session not created exception: Chrome version must be >= 60.0.3112.0
  (Driver info: chromedriver=2.33.506120 (e3e53437346286c0bc2d2dc9aa4915ba81d9023f),platform=Windows NT 6.1.7601 SP1 x86_64) (WARNING: The server did not provide any stacktrace information)
Command duration or timeout: 1.40 seconds
Build info: version: '3.4.0', revision: 'unknown', time: 'unknown'
System info: host: '01HW607496', ip: '10.239.98.125', os.name: 'Windows 7', os.arch: 'amd64', os.version: '6.1', java.version: '1.8.0_131'
Driver info: driver.version: ChromeDriver 
2017-10-31 13:55:23,309 ERROR [Log] Log Out link is not found on the Home Page 
2017-10-31 13:55:23,315 ERROR [Log]  
2017-10-31 13:55:23,321 INFO  [Log] XXXXXXXXXXXXXXXXXXXXXXX             -E---N---D-             XXXXXXXXXXXXXXXXXXXXXX 
2017-10-31 13:55:23,321 INFO  [Log] X 
2017-10-31 13:55:23,321 INFO  [Log] X 
2017-10-31 13:55:23,322 INFO  [Log] X 
2017-10-31 13:55:23,322 INFO  [Log] X 
2017-10-31 13:55:23,322 ERROR [Log] Class Utils | Method OpenBrowser | Exception desc : null 
2017-10-31 13:56:29,504 INFO  [Log] **************************************************************************************** 
2017-10-31 13:56:29,505 INFO  [Log] **************************************************************************************** 
2017-10-31 13:56:29,505 INFO  [Log] $$$$$$$$$$$$$$$$$$$$$                 TC_001       $$$$$$$$$$$$$$$$$$$$$$$$$ 
2017-10-31 13:56:29,505 INFO  [Log] **************************************************************************************** 
2017-10-31 13:56:29,505 INFO  [Log] **************************************************************************************** 
2017-10-31 13:56:29,685 INFO  [Log] Excel sheet opened 
2017-10-31 13:56:29,685 INFO  [Log] Total number of Row used return as < 3 >. 
2017-10-31 13:56:32,558 ERROR [Log] Class Utils | Method OpenBrowser | Exception desc : session not created exception: Chrome version must be >= 60.0.3112.0
  (Driver info: chromedriver=2.33.506120 (e3e53437346286c0bc2d2dc9aa4915ba81d9023f),platform=Windows NT 6.1.7601 SP1 x86_64) (WARNING: The server did not provide any stacktrace information)
Command duration or timeout: 1.14 seconds
Build info: version: '3.4.0', revision: 'unknown', time: 'unknown'
System info: host: '01HW607496', ip: '10.239.98.125', os.name: 'Windows 7', os.arch: 'amd64', os.version: '6.1', java.version: '1.8.0_131'
Driver info: driver.version: ChromeDriver 
2017-10-31 13:56:37,566 ERROR [Log] Class Utils | Method OpenBrowser | Exception desc : null 
2017-10-31 13:56:37,574 INFO  [Log] XXXXXXXXXXXXXXXXXXXXXXX             -E---N---D-             XXXXXXXXXXXXXXXXXXXXXX 
2017-10-31 13:56:37,574 INFO  [Log] X 
2017-10-31 13:56:37,574 INFO  [Log] X 
2017-10-31 13:56:37,574 INFO  [Log] X 
2017-10-31 13:56:37,574 INFO  [Log] X 
2017-10-31 13:56:37,574 ERROR [Log] Class Utils | Method OpenBrowser | Exception desc : null 
2017-10-31 13:57:39,222 INFO  [Log] **************************************************************************************** 
2017-10-31 13:57:39,222 INFO  [Log] **************************************************************************************** 
2017-10-31 13:57:39,222 INFO  [Log] $$$$$$$$$$$$$$$$$$$$$                 TC_001       $$$$$$$$$$$$$$$$$$$$$$$$$ 
2017-10-31 13:57:39,222 INFO  [Log] **************************************************************************************** 
2017-10-31 13:57:39,222 INFO  [Log] **************************************************************************************** 
2017-10-31 13:57:39,413 INFO  [Log] Excel sheet opened 
2017-10-31 13:57:39,413 INFO  [Log] Total number of Row used return as < 3 >. 
2017-10-31 13:57:42,204 ERROR [Log] Class Utils | Method OpenBrowser | Exception desc : session not created exception: Chrome version must be >= 60.0.3112.0
  (Driver info: chromedriver=2.33.506120 (e3e53437346286c0bc2d2dc9aa4915ba81d9023f),platform=Windows NT 6.1.7601 SP1 x86_64) (WARNING: The server did not provide any stacktrace information)
Command duration or timeout: 1.13 seconds
Build info: version: '3.4.0', revision: 'unknown', time: 'unknown'
System info: host: '01HW607496', ip: '10.239.98.125', os.name: 'Windows 7', os.arch: 'amd64', os.version: '6.1', java.version: '1.8.0_131'
Driver info: driver.version: ChromeDriver 
2017-10-31 13:57:47,235 ERROR [Log] Class Utils | Method OpenBrowser | Exception desc : null 
2017-10-31 13:57:47,238 INFO  [Log] XXXXXXXXXXXXXXXXXXXXXXX             -E---N---D-             XXXXXXXXXXXXXXXXXXXXXX 
2017-10-31 13:57:47,238 INFO  [Log] X 
2017-10-31 13:57:47,238 INFO  [Log] X 
2017-10-31 13:57:47,238 INFO  [Log] X 
2017-10-31 13:57:47,238 INFO  [Log] X 
2017-10-31 13:57:47,238 ERROR [Log] Class Utils | Method OpenBrowser | Exception desc : null 
2017-10-31 13:59:10,488 INFO  [Log] **************************************************************************************** 
2017-10-31 13:59:10,488 INFO  [Log] **************************************************************************************** 
2017-10-31 13:59:10,488 INFO  [Log] $$$$$$$$$$$$$$$$$$$$$                 TC_001       $$$$$$$$$$$$$$$$$$$$$$$$$ 
2017-10-31 13:59:10,488 INFO  [Log] **************************************************************************************** 
2017-10-31 13:59:10,488 INFO  [Log] **************************************************************************************** 
2017-10-31 13:59:10,673 INFO  [Log] Excel sheet opened 
2017-10-31 13:59:10,673 INFO  [Log] Total number of Row used return as < 3 >. 
2017-10-31 13:59:13,372 ERROR [Log] Class Utils | Method OpenBrowser | Exception desc : session not created exception: Chrome version must be >= 60.0.3112.0
  (Driver info: chromedriver=2.33.506120 (e3e53437346286c0bc2d2dc9aa4915ba81d9023f),platform=Windows NT 6.1.7601 SP1 x86_64) (WARNING: The server did not provide any stacktrace information)
Command duration or timeout: 1.04 seconds
Build info: version: '3.4.0', revision: 'unknown', time: 'unknown'
System info: host: '01HW607496', ip: '10.239.98.125', os.name: 'Windows 7', os.arch: 'amd64', os.version: '6.1', java.version: '1.8.0_131'
Driver info: driver.version: ChromeDriver 
2017-10-31 13:59:18,383 ERROR [Log] Log Out link is not found on the Home Page 
2017-10-31 13:59:18,416 ERROR [Log]  
2017-10-31 13:59:18,427 INFO  [Log] XXXXXXXXXXXXXXXXXXXXXXX             -E---N---D-             XXXXXXXXXXXXXXXXXXXXXX 
2017-10-31 13:59:18,427 INFO  [Log] X 
2017-10-31 13:59:18,427 INFO  [Log] X 
2017-10-31 13:59:18,427 INFO  [Log] X 
2017-10-31 13:59:18,427 INFO  [Log] X 
2017-10-31 13:59:18,427 ERROR [Log] Class Utils | Method OpenBrowser | Exception desc : null 
2017-11-08 14:58:23,533 INFO  [Log] **************************************************************************************** 
2017-11-08 14:58:23,534 INFO  [Log] **************************************************************************************** 
2017-11-08 14:58:23,534 INFO  [Log] $$$$$$$$$$$$$$$$$$$$$                 TC_001       $$$$$$$$$$$$$$$$$$$$$$$$$ 
2017-11-08 14:58:23,534 INFO  [Log] **************************************************************************************** 
2017-11-08 14:58:23,534 INFO  [Log] **************************************************************************************** 
2017-11-08 14:58:23,556 INFO  [Log] XXXXXXXXXXXXXXXXXXXXXXX             -E---N---D-             XXXXXXXXXXXXXXXXXXXXXX 
2017-11-08 14:58:23,556 INFO  [Log] X 
2017-11-08 14:58:23,556 INFO  [Log] X 
2017-11-08 14:58:23,556 INFO  [Log] X 
2017-11-08 14:58:23,556 INFO  [Log] X 
2017-11-08 14:58:23,556 ERROR [Log] Class Utils | Method OpenBrowser | Exception desc : null 
2017-11-08 15:00:27,800 INFO  [Log] **************************************************************************************** 
2017-11-08 15:00:27,801 INFO  [Log] **************************************************************************************** 
2017-11-08 15:00:27,801 INFO  [Log] $$$$$$$$$$$$$$$$$$$$$                 TC_001       $$$$$$$$$$$$$$$$$$$$$$$$$ 
2017-11-08 15:00:27,801 INFO  [Log] **************************************************************************************** 
2017-11-08 15:00:27,801 INFO  [Log] **************************************************************************************** 
2017-11-08 15:00:27,817 INFO  [Log] XXXXXXXXXXXXXXXXXXXXXXX             -E---N---D-             XXXXXXXXXXXXXXXXXXXXXX 
2017-11-08 15:00:27,817 INFO  [Log] X 
2017-11-08 15:00:27,817 INFO  [Log] X 
2017-11-08 15:00:27,817 INFO  [Log] X 
2017-11-08 15:00:27,817 INFO  [Log] X 
2017-11-08 15:00:27,817 ERROR [Log] Class Utils | Method OpenBrowser | Exception desc : null 
2017-11-08 15:00:57,424 INFO  [Log] **************************************************************************************** 
2017-11-08 15:00:57,425 INFO  [Log] **************************************************************************************** 
2017-11-08 15:00:57,425 INFO  [Log] $$$$$$$$$$$$$$$$$$$$$                 TC_001       $$$$$$$$$$$$$$$$$$$$$$$$$ 
2017-11-08 15:00:57,425 INFO  [Log] **************************************************************************************** 
2017-11-08 15:00:57,425 INFO  [Log] **************************************************************************************** 
2017-11-08 15:00:57,904 INFO  [Log] Excel sheet opened 
2017-11-08 15:00:57,904 INFO  [Log] Total number of Row used return as < 3 >. 
2017-11-08 15:01:13,324 ERROR [Log] Class Utils | Method OpenBrowser | Exception desc : session not created exception: Chrome version must be >= 60.0.3112.0
  (Driver info: chromedriver=2.33.506120 (e3e53437346286c0bc2d2dc9aa4915ba81d9023f),platform=Windows NT 6.1.7601 SP1 x86_64) (WARNING: The server did not provide any stacktrace information)
Command duration or timeout: 11.59 seconds
Build info: version: '3.4.0', revision: 'unknown', time: 'unknown'
System info: host: '01HW607496', ip: '10.239.98.125', os.name: 'Windows 7', os.arch: 'amd64', os.version: '6.1', java.version: '1.8.0_131'
Driver info: driver.version: ChromeDriver 
2017-11-08 15:01:18,339 ERROR [Log] Log Out link is not found on the Home Page 
2017-11-08 15:01:19,141 ERROR [Log]  
2017-11-08 15:01:19,149 INFO  [Log] XXXXXXXXXXXXXXXXXXXXXXX             -E---N---D-             XXXXXXXXXXXXXXXXXXXXXX 
2017-11-08 15:01:19,149 INFO  [Log] X 
2017-11-08 15:01:19,149 INFO  [Log] X 
2017-11-08 15:01:19,149 INFO  [Log] X 
2017-11-08 15:01:19,150 INFO  [Log] X 
2017-11-08 15:01:19,150 ERROR [Log] Class Utils | Method OpenBrowser | Exception desc : null 
2017-11-08 15:01:51,254 INFO  [Log] **************************************************************************************** 
2017-11-08 15:01:51,254 INFO  [Log] **************************************************************************************** 
2017-11-08 15:01:51,254 INFO  [Log] $$$$$$$$$$$$$$$$$$$$$                 TC_001       $$$$$$$$$$$$$$$$$$$$$$$$$ 
2017-11-08 15:01:51,254 INFO  [Log] **************************************************************************************** 
2017-11-08 15:01:51,254 INFO  [Log] **************************************************************************************** 
2017-11-08 15:01:51,271 INFO  [Log] XXXXXXXXXXXXXXXXXXXXXXX             -E---N---D-             XXXXXXXXXXXXXXXXXXXXXX 
2017-11-08 15:01:51,271 INFO  [Log] X 
2017-11-08 15:01:51,271 INFO  [Log] X 
2017-11-08 15:01:51,271 INFO  [Log] X 
2017-11-08 15:01:51,271 INFO  [Log] X 
2017-11-08 15:01:51,272 ERROR [Log] Class Utils | Method OpenBrowser | Exception desc : null 
2017-11-08 15:02:19,966 INFO  [Log] **************************************************************************************** 
2017-11-08 15:02:19,967 INFO  [Log] **************************************************************************************** 
2017-11-08 15:02:19,967 INFO  [Log] $$$$$$$$$$$$$$$$$$$$$                 TC_001       $$$$$$$$$$$$$$$$$$$$$$$$$ 
2017-11-08 15:02:19,967 INFO  [Log] **************************************************************************************** 
2017-11-08 15:02:19,967 INFO  [Log] **************************************************************************************** 
2017-11-08 15:02:20,154 INFO  [Log] Excel sheet opened 
2017-11-08 15:02:20,155 INFO  [Log] Total number of Row used return as < 3 >. 
2017-11-08 15:02:22,233 ERROR [Log] Class Utils | Method OpenBrowser | Exception desc : session not created exception: Chrome version must be >= 60.0.3112.0
  (Driver info: chromedriver=2.33.506120 (e3e53437346286c0bc2d2dc9aa4915ba81d9023f),platform=Windows NT 6.1.7601 SP1 x86_64) (WARNING: The server did not provide any stacktrace information)
Command duration or timeout: 843 milliseconds
Build info: version: '3.4.0', revision: 'unknown', time: 'unknown'
System info: host: '01HW607496', ip: '10.239.98.125', os.name: 'Windows 7', os.arch: 'amd64', os.version: '6.1', java.version: '1.8.0_131'
Driver info: driver.version: ChromeDriver 
2017-11-08 15:02:27,245 ERROR [Log] Log Out link is not found on the Home Page 
2017-11-08 15:02:27,295 ERROR [Log]  
2017-11-08 15:02:27,300 INFO  [Log] XXXXXXXXXXXXXXXXXXXXXXX             -E---N---D-             XXXXXXXXXXXXXXXXXXXXXX 
2017-11-08 15:02:27,300 INFO  [Log] X 
2017-11-08 15:02:27,300 INFO  [Log] X 
2017-11-08 15:02:27,300 INFO  [Log] X 
2017-11-08 15:02:27,300 INFO  [Log] X 
2017-11-08 15:02:27,300 ERROR [Log] Class Utils | Method OpenBrowser | Exception desc : null 
2017-11-08 15:11:52,916 INFO  [Log] **************************************************************************************** 
2017-11-08 15:11:52,917 INFO  [Log] **************************************************************************************** 
2017-11-08 15:11:52,917 INFO  [Log] $$$$$$$$$$$$$$$$$$$$$                 TC_001       $$$$$$$$$$$$$$$$$$$$$$$$$ 
2017-11-08 15:11:52,917 INFO  [Log] **************************************************************************************** 
2017-11-08 15:11:52,917 INFO  [Log] **************************************************************************************** 
2017-11-08 15:11:53,097 INFO  [Log] Excel sheet opened 
2017-11-08 15:11:53,097 INFO  [Log] Total number of Row used return as < 3 >. 
2017-11-08 15:11:55,120 ERROR [Log] Class Utils | Method OpenBrowser | Exception desc : session not created exception: Chrome version must be >= 60.0.3112.0
  (Driver info: chromedriver=2.33.506120 (e3e53437346286c0bc2d2dc9aa4915ba81d9023f),platform=Windows NT 6.1.7601 SP1 x86_64) (WARNING: The server did not provide any stacktrace information)
Command duration or timeout: 836 milliseconds
Build info: version: '3.4.0', revision: 'unknown', time: 'unknown'
System info: host: '01HW607496', ip: '10.239.98.125', os.name: 'Windows 7', os.arch: 'amd64', os.version: '6.1', java.version: '1.8.0_131'
Driver info: driver.version: ChromeDriver 
2017-11-08 15:12:00,132 ERROR [Log] Log Out link is not found on the Home Page 
2017-11-08 15:12:00,164 ERROR [Log]  
2017-11-08 15:12:00,168 INFO  [Log] XXXXXXXXXXXXXXXXXXXXXXX             -E---N---D-             XXXXXXXXXXXXXXXXXXXXXX 
2017-11-08 15:12:00,168 INFO  [Log] X 
2017-11-08 15:12:00,168 INFO  [Log] X 
2017-11-08 15:12:00,168 INFO  [Log] X 
2017-11-08 15:12:00,168 INFO  [Log] X 
2017-11-08 15:12:00,168 ERROR [Log] Class Utils | Method OpenBrowser | Exception desc : null 
2017-11-08 15:17:20,170 INFO  [Log] **************************************************************************************** 
2017-11-08 15:17:20,170 INFO  [Log] **************************************************************************************** 
2017-11-08 15:17:20,170 INFO  [Log] $$$$$$$$$$$$$$$$$$$$$                 TC_001       $$$$$$$$$$$$$$$$$$$$$$$$$ 
2017-11-08 15:17:20,170 INFO  [Log] **************************************************************************************** 
2017-11-08 15:17:20,170 INFO  [Log] **************************************************************************************** 
2017-11-08 15:17:20,357 INFO  [Log] Excel sheet opened 
2017-11-08 15:17:20,357 INFO  [Log] Total number of Row used return as < 3 >. 
2017-11-08 15:17:54,221 INFO  [Log] Firefox driver instantiated 
2017-11-08 15:17:54,549 INFO  [Log] Implicit wait applied on the driver for 20 seconds 
2017-11-08 15:18:24,674 INFO  [Log] Web application launched successfully 
2017-11-08 15:18:29,720 ERROR [Log] Log Out link is not found on the Home Page 
2017-11-08 15:18:29,767 ERROR [Log]  
2017-11-08 15:18:29,767 INFO  [Log] XXXXXXXXXXXXXXXXXXXXXXX             -E---N---D-             XXXXXXXXXXXXXXXXXXXXXX 
2017-11-08 15:18:29,767 INFO  [Log] X 
2017-11-08 15:18:29,767 INFO  [Log] X 
2017-11-08 15:18:29,767 INFO  [Log] X 
2017-11-08 15:18:29,767 INFO  [Log] X 
2017-11-08 15:21:11,324 INFO  [Log] **************************************************************************************** 
2017-11-08 15:21:11,324 INFO  [Log] **************************************************************************************** 
2017-11-08 15:21:11,324 INFO  [Log] $$$$$$$$$$$$$$$$$$$$$                 TC_001       $$$$$$$$$$$$$$$$$$$$$$$$$ 
2017-11-08 15:21:11,324 INFO  [Log] **************************************************************************************** 
2017-11-08 15:21:11,324 INFO  [Log] **************************************************************************************** 
2017-11-08 15:21:11,511 INFO  [Log] Excel sheet opened 
2017-11-08 15:21:11,511 INFO  [Log] Total number of Row used return as < 3 >. 
2017-11-08 15:21:18,181 INFO  [Log] Firefox driver instantiated 
2017-11-08 15:21:18,571 INFO  [Log] Implicit wait applied on the driver for 20 seconds 
2017-11-08 15:21:38,258 INFO  [Log] Web application launched successfully 
2017-11-08 15:21:38,293 ERROR [Log] Log Out link is not found on the Home Page 
2017-11-08 15:21:38,355 ERROR [Log]  
2017-11-08 15:21:38,355 INFO  [Log] XXXXXXXXXXXXXXXXXXXXXXX             -E---N---D-             XXXXXXXXXXXXXXXXXXXXXX 
2017-11-08 15:21:38,355 INFO  [Log] X 
2017-11-08 15:21:38,355 INFO  [Log] X 
2017-11-08 15:21:38,355 INFO  [Log] X 
2017-11-08 15:21:38,355 INFO  [Log] X 
2017-11-08 15:22:25,409 INFO  [Log] **************************************************************************************** 
2017-11-08 15:22:25,409 INFO  [Log] **************************************************************************************** 
2017-11-08 15:22:25,409 INFO  [Log] $$$$$$$$$$$$$$$$$$$$$                 TC_001       $$$$$$$$$$$$$$$$$$$$$$$$$ 
2017-11-08 15:22:25,409 INFO  [Log] **************************************************************************************** 
2017-11-08 15:22:25,409 INFO  [Log] **************************************************************************************** 
2017-11-08 15:22:25,580 INFO  [Log] Excel sheet opened 
2017-11-08 15:22:25,580 INFO  [Log] Total number of Row used return as < 3 >. 
2017-11-08 15:22:33,376 INFO  [Log] Firefox driver instantiated 
2017-11-08 15:22:33,391 INFO  [Log] Implicit wait applied on the driver for 20 seconds 
2017-11-08 15:22:45,426 INFO  [Log] Web application launched successfully 
2017-11-08 15:22:45,427 ERROR [Log] Log Out link is not found on the Home Page 
2017-11-08 15:22:45,505 ERROR [Log]  
2017-11-08 15:22:45,520 INFO  [Log] XXXXXXXXXXXXXXXXXXXXXXX             -E---N---D-             XXXXXXXXXXXXXXXXXXXXXX 
2017-11-08 15:22:45,520 INFO  [Log] X 
2017-11-08 15:22:45,520 INFO  [Log] X 
2017-11-08 15:22:45,520 INFO  [Log] X 
2017-11-08 15:22:45,520 INFO  [Log] X 
2017-11-08 15:24:10,775 INFO  [Log] **************************************************************************************** 
2017-11-08 15:24:10,775 INFO  [Log] **************************************************************************************** 
2017-11-08 15:24:10,775 INFO  [Log] $$$$$$$$$$$$$$$$$$$$$                 TC_001       $$$$$$$$$$$$$$$$$$$$$$$$$ 
2017-11-08 15:24:10,775 INFO  [Log] **************************************************************************************** 
2017-11-08 15:24:10,775 INFO  [Log] **************************************************************************************** 
2017-11-08 15:24:10,962 INFO  [Log] Excel sheet opened 
2017-11-08 15:24:10,962 INFO  [Log] Total number of Row used return as < 3 >. 
2017-11-08 15:24:17,073 INFO  [Log] Firefox driver instantiated 
2017-11-08 15:24:17,089 INFO  [Log] Implicit wait applied on the driver for 20 seconds 
2017-11-08 15:24:33,118 INFO  [Log] Web application launched successfully 
2017-11-08 15:24:39,202 INFO  [Log] Log Out link is found on the Home Page 
2017-11-08 15:24:39,202 INFO  [Log] XXXXXXXXXXXXXXXXXXXXXXX             -E---N---D-             XXXXXXXXXXXXXXXXXXXXXX 
2017-11-08 15:24:39,202 INFO  [Log] X 
2017-11-08 15:24:39,202 INFO  [Log] X 
2017-11-08 15:24:39,202 INFO  [Log] X 
2017-11-08 15:24:39,202 INFO  [Log] X 
2017-11-08 15:28:11,517 INFO  [Log] **************************************************************************************** 
2017-11-08 15:28:11,517 INFO  [Log] **************************************************************************************** 
2017-11-08 15:28:11,517 INFO  [Log] $$$$$$$$$$$$$$$$$$$$$                 TC_001       $$$$$$$$$$$$$$$$$$$$$$$$$ 
2017-11-08 15:28:11,517 INFO  [Log] **************************************************************************************** 
2017-11-08 15:28:11,517 INFO  [Log] **************************************************************************************** 
2017-11-08 15:28:11,719 INFO  [Log] Excel sheet opened 
2017-11-08 15:28:11,719 INFO  [Log] Total number of Row used return as < 3 >. 
2017-11-08 15:28:13,952 ERROR [Log] Class Utils | Method OpenBrowser | Exception desc : session not created exception: Chrome version must be >= 60.0.3112.0
  (Driver info: chromedriver=2.33.506120 (e3e53437346286c0bc2d2dc9aa4915ba81d9023f),platform=Windows NT 6.1.7601 SP1 x86_64) (WARNING: The server did not provide any stacktrace information)
Command duration or timeout: 1.07 seconds
Build info: version: '3.4.0', revision: 'unknown', time: 'unknown'
System info: host: '01HW607496', ip: '10.239.98.125', os.name: 'Windows 7', os.arch: 'amd64', os.version: '6.1', java.version: '1.8.0_131'
Driver info: driver.version: ChromeDriver 
2017-11-08 15:28:13,952 ERROR [Log] Log Out link is not found on the Home Page 
2017-11-08 15:28:13,999 ERROR [Log]  
2017-11-08 15:28:13,999 INFO  [Log] XXXXXXXXXXXXXXXXXXXXXXX             -E---N---D-             XXXXXXXXXXXXXXXXXXXXXX 
2017-11-08 15:28:13,999 INFO  [Log] X 
2017-11-08 15:28:13,999 INFO  [Log] X 
2017-11-08 15:28:13,999 INFO  [Log] X 
2017-11-08 15:28:13,999 INFO  [Log] X 
2017-11-08 15:28:13,999 ERROR [Log] Class Utils | Method OpenBrowser | Exception desc : null 
2017-11-08 15:29:43,149 INFO  [Log] **************************************************************************************** 
2017-11-08 15:29:43,149 INFO  [Log] **************************************************************************************** 
2017-11-08 15:29:43,149 INFO  [Log] $$$$$$$$$$$$$$$$$$$$$                 TC_001       $$$$$$$$$$$$$$$$$$$$$$$$$ 
2017-11-08 15:29:43,149 INFO  [Log] **************************************************************************************** 
2017-11-08 15:29:43,149 INFO  [Log] **************************************************************************************** 
2017-11-08 15:29:43,335 INFO  [Log] Excel sheet opened 
2017-11-08 15:29:43,335 INFO  [Log] Total number of Row used return as < 3 >. 
2017-11-08 15:29:44,967 ERROR [Log] Class Utils | Method OpenBrowser | Exception desc : session not created exception: Chrome version must be >= 60.0.3112.0
  (Driver info: chromedriver=2.33.506120 (e3e53437346286c0bc2d2dc9aa4915ba81d9023f),platform=Windows NT 6.1.7601 SP1 x86_64) (WARNING: The server did not provide any stacktrace information)
Command duration or timeout: 483 milliseconds
Build info: version: '3.4.0', revision: 'unknown', time: 'unknown'
System info: host: '01HW607496', ip: '10.239.98.125', os.name: 'Windows 7', os.arch: 'amd64', os.version: '6.1', java.version: '1.8.0_131'
Driver info: driver.version: ChromeDriver 
2017-11-08 15:29:44,967 ERROR [Log] Log Out link is not found on the Home Page 
2017-11-08 15:29:45,015 ERROR [Log]  
2017-11-08 15:29:45,015 INFO  [Log] XXXXXXXXXXXXXXXXXXXXXXX             -E---N---D-             XXXXXXXXXXXXXXXXXXXXXX 
2017-11-08 15:29:45,015 INFO  [Log] X 
2017-11-08 15:29:45,015 INFO  [Log] X 
2017-11-08 15:29:45,015 INFO  [Log] X 
2017-11-08 15:29:45,015 INFO  [Log] X 
2017-11-08 15:29:45,015 ERROR [Log] Class Utils | Method OpenBrowser | Exception desc : null 
2017-11-08 15:44:56,326 INFO  [Log] **************************************************************************************** 
2017-11-08 15:44:56,326 INFO  [Log] **************************************************************************************** 
2017-11-08 15:44:56,326 INFO  [Log] $$$$$$$$$$$$$$$$$$$$$                 TC_001       $$$$$$$$$$$$$$$$$$$$$$$$$ 
2017-11-08 15:44:56,326 INFO  [Log] **************************************************************************************** 
2017-11-08 15:44:56,326 INFO  [Log] **************************************************************************************** 
2017-11-08 15:44:56,848 INFO  [Log] Excel sheet opened 
2017-11-08 15:44:56,848 INFO  [Log] Total number of Row used return as < 3 >. 
2017-11-08 15:44:59,948 INFO  [Log] Chrome driver instantiated 
2017-11-08 15:44:59,964 INFO  [Log] Implicit wait applied on the driver for 20 seconds 
2017-11-08 15:46:52,920 INFO  [Log] Web application launched successfully 
2017-11-08 15:46:58,401 INFO  [Log] Log Out link is found on the Home Page 
2017-11-08 15:46:58,457 INFO  [Log] XXXXXXXXXXXXXXXXXXXXXXX             -E---N---D-             XXXXXXXXXXXXXXXXXXXXXX 
2017-11-08 15:46:58,458 INFO  [Log] X 
2017-11-08 15:46:58,458 INFO  [Log] X 
2017-11-08 15:46:58,458 INFO  [Log] X 
2017-11-08 15:46:58,458 INFO  [Log] X 
2017-11-08 19:41:18,502 INFO  [Log] **************************************************************************************** 
2017-11-08 19:41:18,514 INFO  [Log] **************************************************************************************** 
2017-11-08 19:41:18,514 INFO  [Log] $$$$$$$$$$$$$$$$$$$$$                 TC_001       $$$$$$$$$$$$$$$$$$$$$$$$$ 
2017-11-08 19:41:18,514 INFO  [Log] **************************************************************************************** 
2017-11-08 19:41:18,514 INFO  [Log] **************************************************************************************** 
2017-11-08 19:41:18,903 INFO  [Log] Excel sheet opened 
2017-11-08 19:41:18,904 INFO  [Log] Total number of Row used return as < 3 >. 
2017-11-08 19:41:38,313 INFO  [Log] Firefox driver instantiated 
2017-11-08 19:41:38,332 INFO  [Log] Implicit wait applied on the driver for 20 seconds 
2017-11-08 19:42:54,219 INFO  [Log] Web application launched successfully 
2017-11-08 19:42:54,867 INFO  [Log] Log Out link is found on the Home Page 
2017-11-08 19:42:54,867 INFO  [Log] XXXXXXXXXXXXXXXXXXXXXXX             -E---N---D-             XXXXXXXXXXXXXXXXXXXXXX 
2017-11-08 19:42:54,867 INFO  [Log] X 
2017-11-08 19:42:54,883 INFO  [Log] X 
2017-11-08 19:42:54,883 INFO  [Log] X 
2017-11-08 19:42:54,883 INFO  [Log] X 
2017-11-09 20:02:36,570 INFO  [Log] **************************************************************************************** 
2017-11-09 20:02:36,580 INFO  [Log] **************************************************************************************** 
2017-11-09 20:02:36,580 INFO  [Log] $$$$$$$$$$$$$$$$$$$$$                 TC_001       $$$$$$$$$$$$$$$$$$$$$$$$$ 
2017-11-09 20:02:36,580 INFO  [Log] **************************************************************************************** 
2017-11-09 20:02:36,580 INFO  [Log] **************************************************************************************** 
2017-11-09 20:02:36,775 INFO  [Log] Excel sheet opened 
2017-11-09 20:02:36,775 INFO  [Log] Total number of Row used return as < 3 >. 
2017-11-09 20:02:56,752 INFO  [Log] Chrome driver instantiated 
2017-11-09 20:02:56,776 INFO  [Log] Implicit wait applied on the driver for 20 seconds 
2017-11-09 20:03:20,531 INFO  [Log] Web application launched successfully 
2017-11-09 20:03:20,546 ERROR [Log] Log Out link is not found on the Home Page 
2017-11-09 20:03:20,636 ERROR [Log]  
2017-11-09 20:03:20,783 INFO  [Log] XXXXXXXXXXXXXXXXXXXXXXX             -E---N---D-             XXXXXXXXXXXXXXXXXXXXXX 
2017-11-09 20:03:20,783 INFO  [Log] X 
2017-11-09 20:03:20,783 INFO  [Log] X 
2017-11-09 20:03:20,783 INFO  [Log] X 
2017-11-09 20:03:20,783 INFO  [Log] X 
2017-11-15 18:04:55,345 INFO  [Log] **************************************************************************************** 
2017-11-15 18:04:55,345 INFO  [Log] **************************************************************************************** 
2017-11-15 18:04:55,345 INFO  [Log] $$$$$$$$$$$$$$$$$$$$$                 TC_001       $$$$$$$$$$$$$$$$$$$$$$$$$ 
2017-11-15 18:04:55,345 INFO  [Log] **************************************************************************************** 
2017-11-15 18:04:55,345 INFO  [Log] **************************************************************************************** 
2017-11-15 18:04:55,525 INFO  [Log] Excel sheet opened 
2017-11-15 18:04:55,525 INFO  [Log] Total number of Row used return as < 3 >. 
2017-11-15 18:04:59,421 INFO  [Log] Chrome driver instantiated 
2017-11-15 18:04:59,430 INFO  [Log] Implicit wait applied on the driver for 20 seconds 
2017-11-15 18:06:55,884 INFO  [Log] **************************************************************************************** 
2017-11-15 18:06:55,884 INFO  [Log] **************************************************************************************** 
2017-11-15 18:06:55,884 INFO  [Log] $$$$$$$$$$$$$$$$$$$$$                 TC_001       $$$$$$$$$$$$$$$$$$$$$$$$$ 
2017-11-15 18:06:55,884 INFO  [Log] **************************************************************************************** 
2017-11-15 18:06:55,884 INFO  [Log] **************************************************************************************** 
2017-11-15 18:06:56,064 INFO  [Log] Excel sheet opened 
2017-11-15 18:06:56,064 INFO  [Log] Total number of Row used return as < 3 >. 
2017-11-15 18:06:59,036 INFO  [Log] Chrome driver instantiated 
2017-11-15 18:06:59,043 INFO  [Log] Implicit wait applied on the driver for 20 seconds 
2017-11-15 18:07:07,051 INFO  [Log] Web application launched successfully 
2017-11-15 18:07:27,119 ERROR [Log] Log Out link is not found on the Home Page 
2017-11-15 18:07:27,159 ERROR [Log] Expected condition failed: waiting for presence of element located by: By.xpath: //div[@id='username'] (tried for 10 second(s) with 500 MILLISECONDS interval) 
2017-11-15 18:07:27,169 INFO  [Log] XXXXXXXXXXXXXXXXXXXXXXX             -E---N---D-             XXXXXXXXXXXXXXXXXXXXXX 
2017-11-15 18:07:27,169 INFO  [Log] X 
2017-11-15 18:07:27,169 INFO  [Log] X 
2017-11-15 18:07:27,169 INFO  [Log] X 
2017-11-15 18:07:27,169 INFO  [Log] X 
2017-11-15 18:09:19,908 INFO  [Log] **************************************************************************************** 
2017-11-15 18:09:19,908 INFO  [Log] **************************************************************************************** 
2017-11-15 18:09:19,908 INFO  [Log] $$$$$$$$$$$$$$$$$$$$$                 TC_001       $$$$$$$$$$$$$$$$$$$$$$$$$ 
2017-11-15 18:09:19,908 INFO  [Log] **************************************************************************************** 
2017-11-15 18:09:19,908 INFO  [Log] **************************************************************************************** 
2017-11-15 18:09:20,098 INFO  [Log] Excel sheet opened 
2017-11-15 18:09:20,098 INFO  [Log] Total number of Row used return as < 3 >. 
2017-11-15 18:09:22,341 INFO  [Log] Chrome driver instantiated 
2017-11-15 18:09:22,348 INFO  [Log] Implicit wait applied on the driver for 20 seconds 
2017-11-15 18:09:25,575 INFO  [Log] Web application launched successfully 
2017-11-15 18:09:25,760 INFO  [Log] Log Out link is found on the Home Page 
2017-11-15 18:09:25,866 INFO  [Log] Log Out link is found on the Home Page 
2017-11-15 18:09:32,779 INFO  [Log] Log Out link is found on the Home Page 
2017-11-15 18:09:32,784 INFO  [Log] XXXXXXXXXXXXXXXXXXXXXXX             -E---N---D-             XXXXXXXXXXXXXXXXXXXXXX 
2017-11-15 18:09:32,784 INFO  [Log] X 
2017-11-15 18:09:32,784 INFO  [Log] X 
2017-11-15 18:09:32,785 INFO  [Log] X 
2017-11-15 18:09:32,785 INFO  [Log] X 
2017-11-24 13:35:16,528 INFO  [Log] **************************************************************************************** 
2017-11-24 13:35:16,528 INFO  [Log] **************************************************************************************** 
2017-11-24 13:35:16,528 INFO  [Log] $$$$$$$$$$$$$$$$$$$$$                 TC_001       $$$$$$$$$$$$$$$$$$$$$$$$$ 
2017-11-24 13:35:16,528 INFO  [Log] **************************************************************************************** 
2017-11-24 13:35:16,528 INFO  [Log] **************************************************************************************** 
2017-11-24 13:35:16,973 INFO  [Log] Excel sheet opened 
2017-11-24 13:35:16,973 INFO  [Log] Total number of Row used return as < 3 >. 
2017-11-24 13:35:33,867 INFO  [Log] Chrome driver instantiated 
2017-11-24 13:35:34,007 INFO  [Log] Implicit wait applied on the driver for 20 seconds 
2017-11-24 13:35:45,259 INFO  [Log] Web application launched successfully 
2017-11-24 13:35:46,301 INFO  [Log] Log Out link is found on the Home Page 
2017-11-24 13:35:46,405 INFO  [Log] Log Out link is found on the Home Page 
2017-11-24 13:36:06,441 ERROR [Log] Log Out link is not found on the Home Page 
2017-11-24 13:36:06,659 ERROR [Log] Expected condition failed: waiting for presence of element located by: By.id: login (tried for 10 second(s) with 500 MILLISECONDS interval) 
2017-11-24 13:36:06,669 INFO  [Log] XXXXXXXXXXXXXXXXXXXXXXX             -E---N---D-             XXXXXXXXXXXXXXXXXXXXXX 
2017-11-24 13:36:06,669 INFO  [Log] X 
2017-11-24 13:36:06,669 INFO  [Log] X 
2017-11-24 13:36:06,669 INFO  [Log] X 
2017-11-24 13:36:06,669 INFO  [Log] X 
2017-11-24 15:03:38,177 INFO  [Log] **************************************************************************************** 
2017-11-24 15:03:38,177 INFO  [Log] **************************************************************************************** 
2017-11-24 15:03:38,177 INFO  [Log] $$$$$$$$$$$$$$$$$$$$$                 TC_001       $$$$$$$$$$$$$$$$$$$$$$$$$ 
2017-11-24 15:03:38,177 INFO  [Log] **************************************************************************************** 
2017-11-24 15:03:38,177 INFO  [Log] **************************************************************************************** 
2017-11-24 15:03:38,535 INFO  [Log] Excel sheet opened 
2017-11-24 15:03:38,535 INFO  [Log] Total number of Row used return as < 3 >. 
2017-11-24 15:03:47,683 INFO  [Log] Chrome driver instantiated 
2017-11-24 15:03:47,693 INFO  [Log] Implicit wait applied on the driver for 20 seconds 
2017-11-24 15:03:51,317 INFO  [Log] Web application launched successfully 
2017-11-24 15:03:51,510 INFO  [Log] Log Out link is found on the Home Page 
2017-11-24 15:03:51,593 INFO  [Log] Log Out link is found on the Home Page 
2017-11-24 15:04:11,646 ERROR [Log] Log Out link is not found on the Home Page 
2017-11-24 15:04:11,856 ERROR [Log] Expected condition failed: waiting for presence of element located by: By.id: login (tried for 10 second(s) with 500 MILLISECONDS interval) 
2017-11-24 15:04:11,876 INFO  [Log] XXXXXXXXXXXXXXXXXXXXXXX             -E---N---D-             XXXXXXXXXXXXXXXXXXXXXX 
2017-11-24 15:04:11,876 INFO  [Log] X 
2017-11-24 15:04:11,876 INFO  [Log] X 
2017-11-24 15:04:11,876 INFO  [Log] X 
2017-11-24 15:04:11,876 INFO  [Log] X 
2017-11-24 16:00:46,059 INFO  [Log] **************************************************************************************** 
2017-11-24 16:00:46,059 INFO  [Log] **************************************************************************************** 
2017-11-24 16:00:46,059 INFO  [Log] $$$$$$$$$$$$$$$$$$$$$                 TC_001       $$$$$$$$$$$$$$$$$$$$$$$$$ 
2017-11-24 16:00:46,059 INFO  [Log] **************************************************************************************** 
2017-11-24 16:00:46,059 INFO  [Log] **************************************************************************************** 
2017-11-24 16:00:46,269 INFO  [Log] Excel sheet opened 
2017-11-24 16:00:46,269 INFO  [Log] Total number of Row used return as < 3 >. 
2017-11-24 16:00:49,709 INFO  [Log] Chrome driver instantiated 
2017-11-24 16:00:49,717 INFO  [Log] Implicit wait applied on the driver for 20 seconds 
2017-11-24 16:00:53,538 INFO  [Log] Web application launched successfully 
2017-11-24 16:00:53,707 INFO  [Log] Log Out link is found on the Home Page 
2017-11-24 16:00:53,798 INFO  [Log] Log Out link is found on the Home Page 
2017-11-24 16:01:13,858 ERROR [Log] Log Out link is not found on the Home Page 
2017-11-24 16:01:13,948 ERROR [Log] Expected condition failed: waiting for presence of element located by: By.id: login (tried for 10 second(s) with 500 MILLISECONDS interval) 
2017-11-24 16:01:13,958 INFO  [Log] XXXXXXXXXXXXXXXXXXXXXXX             -E---N---D-             XXXXXXXXXXXXXXXXXXXXXX 
2017-11-24 16:01:13,958 INFO  [Log] X 
2017-11-24 16:01:13,958 INFO  [Log] X 
2017-11-24 16:01:13,958 INFO  [Log] X 
2017-11-24 16:01:13,958 INFO  [Log] X 
2017-11-24 16:03:24,370 INFO  [Log] **************************************************************************************** 
2017-11-24 16:03:24,380 INFO  [Log] **************************************************************************************** 
2017-11-24 16:03:24,380 INFO  [Log] $$$$$$$$$$$$$$$$$$$$$                 TC_001       $$$$$$$$$$$$$$$$$$$$$$$$$ 
2017-11-24 16:03:24,380 INFO  [Log] **************************************************************************************** 
2017-11-24 16:03:24,380 INFO  [Log] **************************************************************************************** 
2017-11-24 16:03:24,571 INFO  [Log] Excel sheet opened 
2017-11-24 16:03:24,571 INFO  [Log] Total number of Row used return as < 3 >. 
2017-11-24 16:03:30,149 INFO  [Log] Chrome driver instantiated 
2017-11-24 16:03:30,158 INFO  [Log] Implicit wait applied on the driver for 20 seconds 
2017-11-24 16:03:35,499 INFO  [Log] Web application launched successfully 
2017-11-24 16:03:35,751 INFO  [Log] Log Out link is found on the Home Page 
2017-11-24 16:03:35,832 INFO  [Log] Log Out link is found on the Home Page 
2017-11-24 16:03:55,908 ERROR [Log] Log Out link is not found on the Home Page 
2017-11-24 16:03:55,989 ERROR [Log] Expected condition failed: waiting for presence of element located by: By.id: login (tried for 10 second(s) with 500 MILLISECONDS interval) 
2017-11-24 16:03:55,999 INFO  [Log] XXXXXXXXXXXXXXXXXXXXXXX             -E---N---D-             XXXXXXXXXXXXXXXXXXXXXX 
2017-11-24 16:03:55,999 INFO  [Log] X 
2017-11-24 16:03:55,999 INFO  [Log] X 
2017-11-24 16:03:55,999 INFO  [Log] X 
2017-11-24 16:03:55,999 INFO  [Log] X 
2017-11-24 16:05:43,591 INFO  [Log] **************************************************************************************** 
2017-11-24 16:05:43,591 INFO  [Log] **************************************************************************************** 
2017-11-24 16:05:43,591 INFO  [Log] $$$$$$$$$$$$$$$$$$$$$                 TC_001       $$$$$$$$$$$$$$$$$$$$$$$$$ 
2017-11-24 16:05:43,591 INFO  [Log] **************************************************************************************** 
2017-11-24 16:05:43,591 INFO  [Log] **************************************************************************************** 
2017-11-24 16:05:43,825 INFO  [Log] Excel sheet opened 
2017-11-24 16:05:43,825 INFO  [Log] Total number of Row used return as < 3 >. 
2017-11-24 16:05:51,587 INFO  [Log] Chrome driver instantiated 
2017-11-24 16:05:51,595 INFO  [Log] Implicit wait applied on the driver for 20 seconds 
2017-11-24 16:05:57,981 INFO  [Log] Web application launched successfully 
2017-11-24 16:05:58,131 INFO  [Log] Log Out link is found on the Home Page 
2017-11-24 16:05:58,258 INFO  [Log] Log Out link is found on the Home Page 
2017-11-24 16:06:18,282 ERROR [Log] Log Out link is not found on the Home Page 
2017-11-24 16:06:18,389 ERROR [Log] Expected condition failed: waiting for presence of element located by: By.id: login (tried for 10 second(s) with 500 MILLISECONDS interval) 
2017-11-24 16:06:18,399 INFO  [Log] XXXXXXXXXXXXXXXXXXXXXXX             -E---N---D-             XXXXXXXXXXXXXXXXXXXXXX 
2017-11-24 16:06:18,399 INFO  [Log] X 
2017-11-24 16:06:18,399 INFO  [Log] X 
2017-11-24 16:06:18,399 INFO  [Log] X 
2017-11-24 16:06:18,399 INFO  [Log] X 
2017-11-24 16:09:11,703 INFO  [Log] **************************************************************************************** 
2017-11-24 16:09:11,704 INFO  [Log] **************************************************************************************** 
2017-11-24 16:09:11,704 INFO  [Log] $$$$$$$$$$$$$$$$$$$$$                 TC_001       $$$$$$$$$$$$$$$$$$$$$$$$$ 
2017-11-24 16:09:11,704 INFO  [Log] **************************************************************************************** 
2017-11-24 16:09:11,704 INFO  [Log] **************************************************************************************** 
2017-11-24 16:09:11,904 INFO  [Log] Excel sheet opened 
2017-11-24 16:09:11,904 INFO  [Log] Total number of Row used return as < 3 >. 
2017-11-24 16:09:16,609 INFO  [Log] Chrome driver instantiated 
2017-11-24 16:09:16,617 INFO  [Log] Implicit wait applied on the driver for 20 seconds 
2017-11-24 16:09:22,272 INFO  [Log] Web application launched successfully 
2017-11-24 16:09:22,463 INFO  [Log] Log Out link is found on the Home Page 
2017-11-24 16:09:22,564 INFO  [Log] Log Out link is found on the Home Page 
2017-11-24 16:09:42,615 ERROR [Log] Log Out link is not found on the Home Page 
2017-11-24 16:09:42,693 ERROR [Log] Expected condition failed: waiting for presence of element located by: By.id: login (tried for 10 second(s) with 500 MILLISECONDS interval) 
2017-11-24 16:39:35,218 INFO  [Log] **************************************************************************************** 
2017-11-24 16:39:35,218 INFO  [Log] **************************************************************************************** 
2017-11-24 16:39:35,218 INFO  [Log] $$$$$$$$$$$$$$$$$$$$$                 TC_001       $$$$$$$$$$$$$$$$$$$$$$$$$ 
2017-11-24 16:39:35,218 INFO  [Log] **************************************************************************************** 
2017-11-24 16:39:35,218 INFO  [Log] **************************************************************************************** 
2017-11-24 16:39:35,398 INFO  [Log] Excel sheet opened 
2017-11-24 16:39:35,398 INFO  [Log] Total number of Row used return as < 3 >. 
2017-11-24 16:39:38,913 INFO  [Log] Chrome driver instantiated 
2017-11-24 16:39:38,923 INFO  [Log] Implicit wait applied on the driver for 20 seconds 
2017-11-24 16:39:43,075 INFO  [Log] Web application launched successfully 
2017-11-24 16:39:43,244 INFO  [Log] Log Out link is found on the Home Page 
2017-11-24 16:39:43,334 INFO  [Log] Log Out link is found on the Home Page 
2017-11-24 17:07:04,046 INFO  [Log] **************************************************************************************** 
2017-11-24 17:07:04,046 INFO  [Log] **************************************************************************************** 
2017-11-24 17:07:04,046 INFO  [Log] $$$$$$$$$$$$$$$$$$$$$                 TC_001       $$$$$$$$$$$$$$$$$$$$$$$$$ 
2017-11-24 17:07:04,046 INFO  [Log] **************************************************************************************** 
2017-11-24 17:07:04,046 INFO  [Log] **************************************************************************************** 
2017-11-24 17:07:04,228 INFO  [Log] Excel sheet opened 
2017-11-24 17:07:04,228 INFO  [Log] Total number of Row used return as < 3 >. 
2017-11-24 17:07:08,091 INFO  [Log] Chrome driver instantiated 
2017-11-24 17:07:08,098 INFO  [Log] Implicit wait applied on the driver for 20 seconds 
2017-11-24 17:07:08,098 INFO  [Log] WebDriver Inititated successfully 
2017-11-24 17:07:12,375 INFO  [Log] Web application launched successfully 
2017-11-24 17:07:12,542 INFO  [Log] Log Out link is found on the Home Page 
2017-11-24 17:07:12,639 INFO  [Log] Log Out link is found on the Home Page 
2017-11-24 17:07:32,691 ERROR [Log] Log Out link is not found on the Home Page 
2017-11-24 17:07:32,791 ERROR [Log] Expected condition failed: waiting for presence of element located by: By.id: login (tried for 10 second(s) with 500 MILLISECONDS interval) 
2017-11-24 17:07:35,095 INFO  [Log] Chrome driver instantiated 
2017-11-24 17:07:35,101 INFO  [Log] Implicit wait applied on the driver for 20 seconds 
2017-11-24 17:07:35,101 INFO  [Log] WebDriver Inititated successfully 
2017-11-24 17:07:35,947 INFO  [Log] XXXXXXXXXXXXXXXXXXXXXXX             -E---N---D-             XXXXXXXXXXXXXXXXXXXXXX 
2017-11-24 17:07:35,947 INFO  [Log] X 
2017-11-24 17:07:35,947 INFO  [Log] X 
2017-11-24 17:07:35,947 INFO  [Log] X 
2017-11-24 17:07:35,947 INFO  [Log] X 
2017-11-24 17:11:43,108 INFO  [Log] **************************************************************************************** 
2017-11-24 17:11:43,108 INFO  [Log] **************************************************************************************** 
2017-11-24 17:11:43,108 INFO  [Log] $$$$$$$$$$$$$$$$$$$$$                 TC_001       $$$$$$$$$$$$$$$$$$$$$$$$$ 
2017-11-24 17:11:43,108 INFO  [Log] **************************************************************************************** 
2017-11-24 17:11:43,108 INFO  [Log] **************************************************************************************** 
2017-11-24 17:11:43,361 INFO  [Log] Excel sheet opened 
2017-11-24 17:11:43,361 INFO  [Log] Total number of Row used return as < 3 >. 
2017-11-24 17:11:46,187 INFO  [Log] Chrome driver instantiated 
2017-11-24 17:11:46,206 INFO  [Log] Implicit wait applied on the driver for 20 seconds 
2017-11-24 17:11:46,206 INFO  [Log] WebDriver Inititated successfully 
2017-11-24 17:11:53,345 INFO  [Log] Web application launched successfully 
2017-11-24 17:11:53,490 INFO  [Log] Log Out link is found on the Home Page 
2017-11-24 17:11:53,561 INFO  [Log] Log Out link is found on the Home Page 
2017-11-24 17:12:13,581 ERROR [Log] Log Out link is not found on the Home Page 
2017-11-24 17:12:13,691 ERROR [Log] Expected condition failed: waiting for presence of element located by: By.id: login (tried for 10 second(s) with 500 MILLISECONDS interval) 
2017-11-24 17:12:16,440 INFO  [Log] Chrome driver instantiated 
2017-11-24 17:12:16,448 INFO  [Log] Implicit wait applied on the driver for 20 seconds 
2017-11-24 17:12:16,448 INFO  [Log] WebDriver Inititated successfully 
2017-11-24 17:12:16,818 INFO  [Log] XXXXXXXXXXXXXXXXXXXXXXX             -E---N---D-             XXXXXXXXXXXXXXXXXXXXXX 
2017-11-24 17:12:16,818 INFO  [Log] X 
2017-11-24 17:12:16,818 INFO  [Log] X 
2017-11-24 17:12:16,818 INFO  [Log] X 
2017-11-24 17:12:16,818 INFO  [Log] X 
2017-11-24 17:20:43,592 INFO  [Log] **************************************************************************************** 
2017-11-24 17:20:43,592 INFO  [Log] **************************************************************************************** 
2017-11-24 17:20:43,592 INFO  [Log] $$$$$$$$$$$$$$$$$$$$$                 TC_001       $$$$$$$$$$$$$$$$$$$$$$$$$ 
2017-11-24 17:20:43,592 INFO  [Log] **************************************************************************************** 
2017-11-24 17:20:43,592 INFO  [Log] **************************************************************************************** 
2017-11-24 17:20:43,812 INFO  [Log] Excel sheet opened 
2017-11-24 17:20:43,812 INFO  [Log] Total number of Row used return as < 3 >. 
2017-11-24 17:20:45,591 INFO  [Log] Chrome driver instantiated 
2017-11-24 17:20:45,599 INFO  [Log] Implicit wait applied on the driver for 20 seconds 
2017-11-24 17:20:45,599 INFO  [Log] WebDriver Inititated successfully 
2017-11-24 17:20:48,554 INFO  [Log] Web application launched successfully 
2017-11-24 17:20:48,709 INFO  [Log] Log Out link is found on the Home Page 
2017-11-24 17:20:48,790 INFO  [Log] Log Out link is found on the Home Page 
2017-11-24 17:21:08,854 ERROR [Log] Log Out link is not found on the Home Page 
2017-11-24 17:21:08,952 ERROR [Log] Expected condition failed: waiting for presence of element located by: By.id: login (tried for 10 second(s) with 500 MILLISECONDS interval) 
2017-11-24 17:21:08,962 INFO  [Log] XXXXXXXXXXXXXXXXXXXXXXX             -E---N---D-             XXXXXXXXXXXXXXXXXXXXXX 
2017-11-24 17:21:08,962 INFO  [Log] X 
2017-11-24 17:21:08,962 INFO  [Log] X 
2017-11-24 17:21:08,962 INFO  [Log] X 
2017-11-24 17:21:08,962 INFO  [Log] X 
2017-11-24 17:21:49,871 INFO  [Log] **************************************************************************************** 
2017-11-24 17:21:49,871 INFO  [Log] **************************************************************************************** 
2017-11-24 17:21:49,871 INFO  [Log] $$$$$$$$$$$$$$$$$$$$$                 TC_001       $$$$$$$$$$$$$$$$$$$$$$$$$ 
2017-11-24 17:21:49,871 INFO  [Log] **************************************************************************************** 
2017-11-24 17:21:49,871 INFO  [Log] **************************************************************************************** 
2017-11-24 17:21:50,070 INFO  [Log] Excel sheet opened 
2017-11-24 17:21:50,070 INFO  [Log] Total number of Row used return as < 3 >. 
2017-11-24 17:21:51,953 INFO  [Log] Chrome driver instantiated 
2017-11-24 17:21:51,968 INFO  [Log] Implicit wait applied on the driver for 20 seconds 
2017-11-24 17:21:51,968 INFO  [Log] WebDriver Inititated successfully 
2017-11-24 17:21:54,350 INFO  [Log] Web application launched successfully 
2017-11-24 17:21:54,489 INFO  [Log] Log Out link is found on the Home Page 
2017-11-24 17:21:54,557 INFO  [Log] Log Out link is found on the Home Page 
2017-11-24 17:22:14,632 ERROR [Log] Log Out link is not found on the Home Page 
2017-11-24 17:22:14,713 ERROR [Log] Expected condition failed: waiting for presence of element located by: By.id: login (tried for 10 second(s) with 500 MILLISECONDS interval) 
2017-11-24 17:22:14,716 INFO  [Log] XXXXXXXXXXXXXXXXXXXXXXX             -E---N---D-             XXXXXXXXXXXXXXXXXXXXXX 
2017-11-24 17:22:14,716 INFO  [Log] X 
2017-11-24 17:22:14,716 INFO  [Log] X 
2017-11-24 17:22:14,716 INFO  [Log] X 
2017-11-24 17:22:14,716 INFO  [Log] X 
2017-11-24 17:23:32,727 INFO  [Log] **************************************************************************************** 
2017-11-24 17:23:32,727 INFO  [Log] **************************************************************************************** 
2017-11-24 17:23:32,727 INFO  [Log] $$$$$$$$$$$$$$$$$$$$$                 TC_001       $$$$$$$$$$$$$$$$$$$$$$$$$ 
2017-11-24 17:23:32,727 INFO  [Log] **************************************************************************************** 
2017-11-24 17:23:32,727 INFO  [Log] **************************************************************************************** 
2017-11-24 17:23:32,913 INFO  [Log] Excel sheet opened 
2017-11-24 17:23:32,913 INFO  [Log] Total number of Row used return as < 3 >. 
2017-11-24 17:23:35,140 INFO  [Log] Chrome driver instantiated 
2017-11-24 17:23:35,149 INFO  [Log] Implicit wait applied on the driver for 20 seconds 
2017-11-24 17:23:35,149 INFO  [Log] WebDriver Inititated successfully 
2017-11-24 17:23:38,229 INFO  [Log] Web application launched successfully 
2017-11-24 17:23:38,373 INFO  [Log] Log Out link is found on the Home Page 
2017-11-24 17:23:38,444 INFO  [Log] Log Out link is found on the Home Page 
2017-11-24 17:23:58,513 ERROR [Log] Log Out link is not found on the Home Page 
2017-11-24 17:23:58,604 ERROR [Log] Expected condition failed: waiting for presence of element located by: By.id: login (tried for 10 second(s) with 500 MILLISECONDS interval) 
2017-11-24 17:23:58,608 INFO  [Log] XXXXXXXXXXXXXXXXXXXXXXX             -E---N---D-             XXXXXXXXXXXXXXXXXXXXXX 
2017-11-24 17:23:58,608 INFO  [Log] X 
2017-11-24 17:23:58,608 INFO  [Log] X 
2017-11-24 17:23:58,608 INFO  [Log] X 
2017-11-24 17:23:58,608 INFO  [Log] X 
